\BOOKMARK [0][-]{chapter*.1}{\376\377\000S\000t\000r\000e\000s\000z\000c\000z\000e\000n\000i\000e\000\040}{}% 1
\BOOKMARK [0][-]{chapter*.2}{\376\377\000A\000b\000s\000t\000r\000a\000c\000t\000\040}{}% 2
\BOOKMARK [0][-]{chapter*.4}{\376\377\000W\000s\000t\001\031\000p}{}% 3
\BOOKMARK [1][-]{section*.5}{\376\377\000Z\000a\000k\000r\000e\000s\000\040\000p\000r\000a\000c\000y}{chapter*.4}% 4
\BOOKMARK [1][-]{section*.6}{\376\377\000C\000e\000l\000\040\000p\000r\000a\000c\000y}{chapter*.4}% 5
\BOOKMARK [1][-]{section*.7}{\376\377\000S\000t\000r\000u\000k\000t\000u\000r\000a\000\040\000p\000r\000a\000c\000y}{chapter*.4}% 6
\BOOKMARK [0][-]{chapter.1}{\376\377\000H\000i\000s\000t\000o\000r\000i\000a\000\040\000n\000a\000r\000r\000a\000c\000j\000i\000\040\000w\000\040\000g\000r\000a\000c\000h\000\040\000k\000o\000m\000p\000u\000t\000e\000r\000o\000w\000y\000c\000h}{}% 7
\BOOKMARK [1][-]{section.1.1}{\376\377\000D\000e\000f\000i\000n\000i\000c\000j\000a\000\040\000n\000a\000r\000r\000a\000c\000j\000i}{chapter.1}% 8
\BOOKMARK [1][-]{section.1.2}{\376\377\000P\000r\000z\000e\000d\000s\000t\000a\000w\000i\000e\000n\000i\000e\000\040\000n\000a\000r\000r\000a\000c\000j\000i\000\040\000w\000\040\000g\000r\000a\000c\000h\000\040\000n\000a\000\040\000p\000r\000z\000e\000s\000t\000r\000z\000e\000n\000i\000\040\000l\000a\000t}{chapter.1}% 9
\BOOKMARK [1][-]{section.1.3}{\376\377\000P\000r\000z\000e\001\133\000l\000e\000d\000z\000e\000n\000i\000e\000\040\000r\000o\000z\000w\000o\000j\000u\000\040\000n\000a\000r\000r\000a\000c\000j\000i\000\040\000n\000a\000\040\000p\000r\000z\000y\000k\001\102\000a\000d\000z\000i\000e\000\040\000s\000e\000r\000i\000i\000\040\000F\000i\000n\000a\000l\000\040\000F\000a\000n\000t\000a\000s\000y}{chapter.1}% 10
\BOOKMARK [0][-]{chapter.2}{\376\377\000R\000o\000d\000z\000a\000j\000e\000\040\000n\000a\000r\000r\000a\000c\000j\000i\000\040\000w\000\040\000g\000r\000a\000c\000h\000\040\000k\000o\000m\000p\000u\000t\000e\000r\000o\000w\000y\000c\000h}{}% 11
\BOOKMARK [1][-]{section.2.1}{\376\377\000S\000t\000r\000u\000k\000t\000u\000r\000y\000\040\000n\000a\000r\000r\000a\000c\000y\000j\000n\000e}{chapter.2}% 12
\BOOKMARK [2][-]{subsection.2.1.1}{\376\377\000L\000i\000n\000i\000o\000w\000a}{section.2.1}% 13
\BOOKMARK [2][-]{subsection.2.1.2}{\376\377\001\101\000a\001\104\000c\000u\000c\000h\000\040\000p\000e\000r\000e\001\102}{section.2.1}% 14
\BOOKMARK [2][-]{subsection.2.1.3}{\376\377\000R\000o\000z\000g\000a\001\102\001\031\000z\000i\000a\000j\001\005\000c\000a\000\040\000s\000i\001\031}{section.2.1}% 15
\BOOKMARK [2][-]{subsection.2.1.4}{\376\377\000P\000a\000r\000k\000\040\000r\000o\000z\000r\000y\000w\000k\000i}{section.2.1}% 16
\BOOKMARK [2][-]{subsection.2.1.5}{\376\377\000C\000e\000g\000i\000e\001\102\000k\000i}{section.2.1}% 17
\BOOKMARK [1][-]{section.2.2}{\376\377\000S\000p\000o\000s\000o\000b\000y\000\040\000p\000r\000z\000e\000d\000s\000t\000a\000w\000i\000a\000n\000i\000a\000\040\000n\000a\000r\000r\000a\000c\000j\000i}{chapter.2}% 18
\BOOKMARK [2][-]{subsection.2.2.1}{\376\377\000C\000u\000t\000\040\000s\000c\000e\000n\000k\000i}{section.2.2}% 19
\BOOKMARK [2][-]{subsection.2.2.2}{\376\377\000T\000e\000k\000s\000t}{section.2.2}% 20
\BOOKMARK [2][-]{subsection.2.2.3}{\376\377\000D\000i\000a\000l\000o\000g\000i\000\040\000\050\000g\001\102\000\363\000w\000n\000i\000e\000\040\000z\000\040\000N\000P\000C\000\051}{section.2.2}% 21
\BOOKMARK [2][-]{subsection.2.2.4}{\376\377\000P\000o\000p\000r\000z\000e\000z\000\040\001\133\000w\000i\000a\000t\000\040\000g\000r\000y\000\040\000\050\000a\000u\000d\000i\000o\000-\000w\000i\000z\000u\000a\000l\000n\000e\000\051}{section.2.2}% 22
\BOOKMARK [0][-]{chapter.3}{\376\377\000S\000y\000s\000t\000e\000m\000y\000\040\000d\000i\000a\000l\000o\000g\000o\000w\000e\000\040\000w\000\040\000g\000r\000a\000c\000h\000\040\000k\000o\000m\000p\000u\000t\000e\000r\000o\000w\000y\000c\000h}{}% 23
\BOOKMARK [1][-]{section.3.1}{\376\377\000P\000o\000p\000u\000l\000a\000r\000n\000e\000\040\000s\000y\000s\000t\000e\000m\000y\000\040\000d\000i\000a\000l\000o\000g\000o\000w\000e}{chapter.3}% 24
\BOOKMARK [2][-]{subsection.3.1.1}{\376\377\000B\000e\000z\000\040\000w\000y\000b\000o\000r\000u}{section.3.1}% 25
\BOOKMARK [2][-]{subsection.3.1.2}{\376\377\000P\000u\000d\000e\001\102\000k\000o\000w\000y\000\040\000\050\000b\000o\000x\000\051}{section.3.1}% 26
\BOOKMARK [2][-]{subsection.3.1.3}{\376\377\000K\000o\001\102\000o\000w\000y}{section.3.1}% 27
\BOOKMARK [2][-]{subsection.3.1.4}{\376\377\000P\000r\000e\000c\000y\000z\000j\000n\000e\000\040\000/\000\040\000n\000i\000e\000p\000r\000e\000c\000y\000z\000y\000j\000n\000e}{section.3.1}% 28
\BOOKMARK [2][-]{subsection.3.1.5}{\376\377\000W\000y\000k\000o\000r\000z\000y\000s\000t\000u\000j\001\005\000c\000e\000\040\000e\000m\000o\000c\000j\000e}{section.3.1}% 29
\BOOKMARK [2][-]{subsection.3.1.6}{\376\377\000W\000y\000k\000o\000r\000z\000y\000s\000t\000u\000j\001\005\000c\000e\000\040\000s\000t\000a\000t\000y\000s\000t\000y\000k\000i}{section.3.1}% 30
\BOOKMARK [2][-]{subsection.3.1.7}{\376\377\000W\000y\000k\000o\000r\000z\000y\000s\000t\000u\000j\001\005\000c\000e\000\040\000c\000z\000a\000s}{section.3.1}% 31
\BOOKMARK [1][-]{section.3.2}{\376\377\000I\000n\000t\000e\000r\000a\000k\000t\000y\000w\000n\000a\000\040\000f\000i\000k\000c\000j\000a\000\040\000-\000\040\000s\000y\000s\000t\000e\000m\000\040\000p\000o\000l\000e\000c\000e\001\104}{chapter.3}% 32
\BOOKMARK [0][-]{chapter.4}{\376\377\000S\000p\000o\000s\000o\000b\000y\000\040\000g\000e\000n\000e\000r\000o\000w\000a\000n\000i\000a\000\040\000n\000a\000r\000r\000a\000c\000j\000i}{}% 33
\BOOKMARK [1][-]{section.4.1}{\376\377\000W\000y\000k\000o\000r\000z\000y\000s\000t\000a\000n\000i\000e\000\040\000a\000l\000g\000o\000r\000y\000t\000m\000\363\000w\000\040\000s\000z\000t\000u\000c\000z\000n\000e\000j\000\040\000i\000n\000t\000e\000l\000i\000g\000e\000n\000c\000j\000i\000\040\000d\000o\000\040\000k\000r\000e\000o\000w\000a\000n\000i\000a\000\040\000n\000a\000r\000r\000a\000c\000j\000i}{chapter.4}% 34
\BOOKMARK [1][-]{section.4.2}{\376\377\000W\000y\000k\000o\000r\000z\000y\000s\000t\000a\000n\000i\000e\000\040\000d\000u\001\174\000y\000c\000h\000\040\000m\000o\000d\000e\000l\000i\000\040\000j\001\031\000z\000y\000k\000o\000w\000y\000c\000h\000\040\000\050\000L\000L\000M\000\051\000\040\000d\000o\000\040\000k\000r\000e\000o\000w\000a\000n\000i\000a\000\040\000n\000a\000r\000r\000a\000c\000j\000i}{chapter.4}% 35
\BOOKMARK [0][-]{chapter.5}{\376\377\000Z\000a\000a\000n\000g\000a\001\174\000o\000w\000a\000n\000i\000e\000\040\000g\000r\000a\000c\000z\000a}{}% 36
\BOOKMARK [1][-]{section.5.1}{\376\377\000D\000e\000f\000i\000n\000i\000c\000j\000e\000\040\000i\000\040\000r\000o\000d\000z\000a\000j\000e\000\040\000z\000a\000a\000n\000g\000a\001\174\000o\000w\000a\000n\000i\000a}{chapter.5}% 37
\BOOKMARK [1][-]{section.5.2}{\376\377\000S\000p\000o\000s\000o\000b\000y\000\040\000p\000o\000m\000i\000a\000r\000u\000\040\000z\000a\000a\000n\000g\000a\001\174\000o\000w\000a\000n\000i\000a\000\040\000g\000r\000a\000c\000z\000a}{chapter.5}% 38
\BOOKMARK [0][-]{chapter.6}{\376\377\000P\000l\000a\000n\000o\000w\000a\000n\000y\000\040\000e\000k\000s\000p\000e\000r\000y\000m\000e\000n\000t}{}% 39
\BOOKMARK [1][-]{section.6.1}{\376\377\000P\000r\000o\000j\000e\000k\000t\000\040\000g\000r\000y\000\040\000w\000y\000k\000o\000r\000z\000y\000s\000t\000a\000n\000e\000j\000\040\000w\000\040\000e\000k\000s\000p\000e\000r\000y\000m\000e\000n\000c\000i\000e}{chapter.6}% 40
\BOOKMARK [1][-]{section.6.2}{\376\377\000O\000p\000i\000s\000\040\000g\000e\000n\000e\000r\000a\000t\000y\000w\000n\000y\000c\000h\000\040\000a\000g\000e\000n\000t\000\363\000w}{chapter.6}% 41
\BOOKMARK [1][-]{section.6.3}{\376\377\000Z\000a\000p\000l\000a\000n\000o\000w\000a\000n\000y\000\040\000p\000r\000z\000e\000b\000i\000e\000g\000\040\000e\000k\000s\000p\000e\000r\000y\000m\000e\000n\000t\000u}{chapter.6}% 42
\BOOKMARK [0][-]{chapter.7}{\376\377\000W\000y\000n\000i\000k\000i}{}% 43
\BOOKMARK [0][-]{chapter*.69}{\376\377\000P\000o\000d\000s\000u\000m\000o\000w\000a\000n\000i\000e}{}% 44
\BOOKMARK [0][-]{chapter*.70}{\376\377\000S\000p\000i\000s\000\040\000r\000y\000s\000u\000n\000k\000\363\000w}{}% 45
\BOOKMARK [0][-]{chapter*.71}{\376\377\000S\000p\000i\000s\000\040\000l\000i\000s\000t\000i\000n\000g\000\363\000w}{}% 46
\BOOKMARK [0][-]{chapter*.72}{\376\377\000S\000p\000i\000s\000\040\000t\000a\000b\000e\000l}{}% 47
\BOOKMARK [0][-]{chapter*.74}{\376\377\000S\001\102\000o\000w\000n\000i\000k\000\040\000a\000k\000r\000o\000n\000i\000m\000\363\000w}{}% 48
\BOOKMARK [0][-]{section*.75}{\376\377\000D\000o\000d\000a\000t\000k\000i}{}% 49
\BOOKMARK [0][-]{appendix.A}{\376\377\000I\000n\000s\000t\000r\000u\000k\000c\000j\000e\000\040\000i\000n\000w\000o\000r\000l\000d\000.\000a\000i\000\040\000d\000l\000a\000\040\000p\000o\000s\000t\000a\000c\000i}{}% 50
\BOOKMARK [0][-]{chapter*.76}{\376\377\000B\000i\000b\000l\000i\000o\000g\000r\000a\000f\000i\000a}{}% 51
